
ROM used:   438/8192 (5%)
            438/8192 (5%) including unused fragments

            0.5 Average locations per line
            8.6 Average locations per statement

RAM used:   22/368 (6%) at main() level
            28/368 (8%) worst case

Stack used: 2 worst case (2 in main + 0 for interrupts)
Stack size: 8

Lines Stmts  %   Files
----- ----- ---  -----
   97    51 100  machdengiaothong.c
  768     0   0  C:\Program Files (x86)\PICC\Devices\16F887.H
----- -----
  865    51 Total

Page ROM  %  RAM   Vol Diff  Functions:
---- --- --- ---   --- ----  ----------
0     20   5    1             @delay_ms1
0     24   5    2   234  4.3  XUAT_1BYTE
0     21   5    4   160  1.8  XUAT_4LED_7DOAN
0    348  79    4  1623  6.9  MAIN
0     21   5    3             @DIV88
 Inline         0             @cinit1

Program metrics:
    Functions               3
    Statements              51
    Comments                130
    Volume (V)              2370
    Difficulty (D)          12.8
    Effort to implement (E) 30332
    Time to implement (T)   28 minutes
    Est Delivered Bugs (B)  0
    Cyclomatic Complexity   5
    Maintainability (MI)    55

 Segment     Used  Free
-----------  ----  ----
00000-00003     4  0  
00004-007FF   434  1610  
00800-00FFF     0  2048  
01000-017FF     0  2048  
01800-01FFF     0  2048  



